<?xml version="1.0" encoding="UTF-8"?>
<!-- Generated by org.testng.reporters.JUnitXMLReporter -->
<testsuite hostname="DESKTOP-M0RCAUK" ignored="0" name="DataDrivenTesting" tests="9" failures="0" timestamp="27 Oct 2021 00:10:34 GMT" time="76.836" errors="0">
  <testcase name="testLogin" time="1.907" classname="testNG.LoginTest"/>
  <testcase name="testLogin" time="1.595" classname="testNG.LoginTest"/>
  <testcase name="testLogin" time="1.113" classname="testNG.LoginTest"/>
  <testcase name="testLogin" time="1.479" classname="testNG.LoginTest"/>
  <testcase name="testLogin" time="1.539" classname="testNG.LoginTest"/>
  <testcase name="testLogin" time="1.59" classname="testNG.LoginTest"/>
  <testcase name="testLogin" time="1.428" classname="testNG.LoginTest"/>
  <testcase name="testLogin" time="1.161" classname="testNG.LoginTest"/>
  <testcase name="testLogin" time="1.348" classname="testNG.LoginTest"/>
</testsuite> <!-- DataDrivenTesting -->
