<?xml version="1.0" encoding="UTF-8"?>
<!-- Generated by org.testng.reporters.JUnitXMLReporter -->
<testsuite hostname="DESKTOP-M0RCAUK" ignored="0" name="ParallelExecution" tests="6" failures="6" timestamp="27 Oct 2021 01:44:58 GMT" time="15.611" errors="0">
  <testcase name="testOne" time="5.612" classname="testNG.ParallelExecution">
    <failure type="java.lang.NullPointerException">
      <![CDATA[java.lang.NullPointerException
at utilities.DriverUtility.screenShot(DriverUtility.java:169)
at testNG.ParallelExecution.testOne(ParallelExecution.java:21)
at java.util.concurrent.ThreadPoolExecutor.runWorker(ThreadPoolExecutor.java:1149)
at java.util.concurrent.ThreadPoolExecutor$Worker.run(ThreadPoolExecutor.java:624)
at java.lang.Thread.run(Thread.java:748)
... Removed 10 stack frames]]>
    </failure>
  </testcase> <!-- testOne -->
  <testcase name="testOne" time="5.624" classname="testNG.ParallelExecution">
    <failure type="java.lang.NullPointerException">
      <![CDATA[java.lang.NullPointerException
at utilities.DriverUtility.screenShot(DriverUtility.java:169)
at utilities.TestNGListeners.onTestFailure(TestNGListeners.java:94)
at java.util.concurrent.ThreadPoolExecutor.runWorker(ThreadPoolExecutor.java:1149)
at java.util.concurrent.ThreadPoolExecutor$Worker.run(ThreadPoolExecutor.java:624)
at java.lang.Thread.run(Thread.java:748)
... Removed 7 stack frames]]>
    </failure>
  </testcase> <!-- testOne -->
  <testcase name="testTwo" time="8.52" classname="testNG.ParallelExecution">
    <failure type="java.lang.NullPointerException">
      <![CDATA[java.lang.NullPointerException
at utilities.DriverUtility.screenShot(DriverUtility.java:169)
at testNG.ParallelExecution.testTwo(ParallelExecution.java:28)
at java.util.concurrent.ThreadPoolExecutor.runWorker(ThreadPoolExecutor.java:1149)
at java.util.concurrent.ThreadPoolExecutor$Worker.run(ThreadPoolExecutor.java:624)
at java.lang.Thread.run(Thread.java:748)
... Removed 10 stack frames]]>
    </failure>
  </testcase> <!-- testTwo -->
  <testcase name="testTwo" time="8.531" classname="testNG.ParallelExecution">
    <failure type="java.lang.NullPointerException">
      <![CDATA[java.lang.NullPointerException
at utilities.DriverUtility.screenShot(DriverUtility.java:169)
at utilities.TestNGListeners.onTestFailure(TestNGListeners.java:94)
at java.util.concurrent.ThreadPoolExecutor.runWorker(ThreadPoolExecutor.java:1149)
at java.util.concurrent.ThreadPoolExecutor$Worker.run(ThreadPoolExecutor.java:624)
at java.lang.Thread.run(Thread.java:748)
... Removed 7 stack frames]]>
    </failure>
  </testcase> <!-- testTwo -->
  <testcase name="testthree" time="15.585" classname="testNG.ParallelExecution">
    <failure type="java.lang.NullPointerException">
      <![CDATA[java.lang.NullPointerException
at utilities.DriverUtility.screenShot(DriverUtility.java:169)
at testNG.ParallelExecution.testthree(ParallelExecution.java:36)
at java.util.concurrent.ThreadPoolExecutor.runWorker(ThreadPoolExecutor.java:1149)
at java.util.concurrent.ThreadPoolExecutor$Worker.run(ThreadPoolExecutor.java:624)
at java.lang.Thread.run(Thread.java:748)
... Removed 10 stack frames]]>
    </failure>
  </testcase> <!-- testthree -->
  <testcase name="testthree" time="15.595" classname="testNG.ParallelExecution">
    <failure type="java.lang.NullPointerException">
      <![CDATA[java.lang.NullPointerException
at utilities.DriverUtility.screenShot(DriverUtility.java:169)
at utilities.TestNGListeners.onTestFailure(TestNGListeners.java:94)
at java.util.concurrent.ThreadPoolExecutor.runWorker(ThreadPoolExecutor.java:1149)
at java.util.concurrent.ThreadPoolExecutor$Worker.run(ThreadPoolExecutor.java:624)
at java.lang.Thread.run(Thread.java:748)
... Removed 7 stack frames]]>
    </failure>
  </testcase> <!-- testthree -->
</testsuite> <!-- ParallelExecution -->
