<?xml version="1.0" encoding="UTF-8"?>
<testng-results skipped="0" failed="0" ignored="0" total="1" passed="1">
  <reporter-output>
  </reporter-output>
  <suite name="TestNG Concepts" duration-ms="16473" started-at="2021-10-25T23:41:47Z" finished-at="2021-10-25T23:42:04Z">
    <groups>
    </groups>
    <test name="DataDrivenTesting" duration-ms="16473" started-at="2021-10-25T23:41:47Z" finished-at="2021-10-25T23:42:04Z">
      <class name="tests.HotelLoginTest">
        <test-method status="PASS" signature="beforeMethod()[pri:0, instance:tests.HotelLoginTest@74ad1f1f]" name="beforeMethod" is-config="true" duration-ms="5513" started-at="2021-10-25T23:41:47Z" finished-at="2021-10-25T23:41:53Z">
          <reporter-output>
          </reporter-output>
        </test-method> <!-- beforeMethod -->
        <test-method status="PASS" signature="loginTest(java.lang.String, java.lang.String)[pri:0, instance:tests.HotelLoginTest@74ad1f1f]" name="loginTest" duration-ms="10315" started-at="2021-10-25T23:41:53Z" finished-at="2021-10-25T23:42:03Z">
          <params>
            <param index="0">
              <value>
                <![CDATA[eagles@tekschool.us]]>
              </value>
            </param>
            <param index="1">
              <value>
                <![CDATA[eagles]]>
              </value>
            </param>
          </params>
          <reporter-output>
          </reporter-output>
        </test-method> <!-- loginTest -->
        <test-method status="PASS" signature="afterMethod()[pri:0, instance:tests.HotelLoginTest@74ad1f1f]" name="afterMethod" is-config="true" duration-ms="616" started-at="2021-10-25T23:42:03Z" finished-at="2021-10-25T23:42:04Z">
          <reporter-output>
          </reporter-output>
        </test-method> <!-- afterMethod -->
      </class> <!-- tests.HotelLoginTest -->
    </test> <!-- DataDrivenTesting -->
  </suite> <!-- TestNG Concepts -->
</testng-results>
