<?xml version="1.0" encoding="UTF-8"?>
<testng-results skipped="0" failed="0" ignored="0" total="1" passed="1">
  <reporter-output>
  </reporter-output>
  <suite name="TestNG Concepts" duration-ms="45" started-at="2021-10-26T01:21:05Z" finished-at="2021-10-26T01:21:05Z">
    <groups>
    </groups>
    <test name="DataDrivenTesting" duration-ms="45" started-at="2021-10-26T01:21:05Z" finished-at="2021-10-26T01:21:05Z">
      <class name="testNG.TestNGParameters">
        <test-method status="PASS" signature="test(java.lang.String, java.lang.String)[pri:0, instance:testNG.TestNGParameters@530612ba]" name="test" duration-ms="15" started-at="2021-10-26T01:21:05Z" finished-at="2021-10-26T01:21:05Z">
          <params>
            <param index="0">
              <value>
                <![CDATA[Shaiq]]>
              </value>
            </param>
            <param index="1">
              <value>
                <![CDATA[Darwish]]>
              </value>
            </param>
          </params>
          <reporter-output>
          </reporter-output>
        </test-method> <!-- test -->
      </class> <!-- testNG.TestNGParameters -->
    </test> <!-- DataDrivenTesting -->
  </suite> <!-- TestNG Concepts -->
</testng-results>
