<?xml version="1.0" encoding="UTF-8"?>
<testng-results skipped="0" failed="0" ignored="0" total="0" passed="0">
  <reporter-output>
  </reporter-output>
  <suite name="TestNG Concepts" duration-ms="15611" started-at="2021-10-27T01:44:42Z" finished-at="2021-10-27T01:44:58Z">
    <groups>
    </groups>
    <test name="ParallelExecution" duration-ms="15611" started-at="2021-10-27T01:44:42Z" finished-at="2021-10-27T01:44:58Z">
    </test> <!-- ParallelExecution -->
  </suite> <!-- TestNG Concepts -->
</testng-results>
