<?xml version="1.0" encoding="UTF-8"?>
<!-- Generated by org.testng.reporters.JUnitReportReporter -->
<testsuite skipped="2" hostname="DESKTOP-M0RCAUK" name="testNG.TestNGAnnotations" tests="12" failures="0" timestamp="26 Oct 2021 00:21:37 GMT" time="0.016" errors="0">
  <testcase name="testC" time="0.003" classname="testNG.TestNGAnnotations"/>
  <testcase name="testC" time="0.002" classname="testNG.TestNGAnnotations"/>
  <testcase name="testC" time="0.000" classname="testNG.TestNGAnnotations"/>
  <testcase name="testC" time="0.002" classname="testNG.TestNGAnnotations"/>
  <testcase name="testC" time="0.000" classname="testNG.TestNGAnnotations"/>
  <testcase name="testC" time="0.001" classname="testNG.TestNGAnnotations"/>
  <testcase name="testC" time="0.002" classname="testNG.TestNGAnnotations"/>
  <testcase name="testC" time="0.001" classname="testNG.TestNGAnnotations"/>
  <testcase name="testC" time="0.002" classname="testNG.TestNGAnnotations"/>
  <testcase name="testC" time="0.003" classname="testNG.TestNGAnnotations"/>
  <testcase name="testB" classname="testNG.TestNGAnnotations">
    <skipped/>
  </testcase> <!-- testB -->
  <testcase name="testA" classname="testNG.TestNGAnnotations">
    <skipped/>
  </testcase> <!-- testA -->
</testsuite> <!-- testNG.TestNGAnnotations -->
