<?xml version="1.0" encoding="UTF-8"?>
<!-- Generated by org.testng.reporters.JUnitReportReporter -->
<testsuite skipped="0" hostname="DESKTOP-M0RCAUK" name="testNG.TestNGgroups" tests="4" failures="0" timestamp="26 Oct 2021 01:12:31 GMT" time="0.020" errors="0">
  <testcase name="testFive" time="0.015" classname="testNG.TestNGgroups"/>
  <testcase name="testThree" time="0.002" classname="testNG.TestNGgroups"/>
  <testcase name="testFour" time="0.001" classname="testNG.TestNGgroups"/>
  <testcase name="testSix" time="0.002" classname="testNG.TestNGgroups"/>
</testsuite> <!-- testNG.TestNGgroups -->
